[2026-05-26 08:00:09] ======== Auto Sync Started: Action=pull, branch=main ========
[2026-05-26 08:00:11] Stashing local changes...
[2026-05-26 08:00:11] Saved working directory and index state On main: auto-sync stash: 2026-05-26 08:00
[2026-05-26 08:00:13] From https://github.com/wzygio/excel-generator-project
[2026-05-26 08:00:13]  * branch            main       -> FETCH_HEAD
[2026-05-26 08:00:13] Already up to date.
[2026-05-26 08:00:13] Restoring stashed changes...
[2026-05-26 08:00:14] On branch main
[2026-05-26 08:00:14] Your branch is up to date with 'origin/main'.
[2026-05-26 08:00:14] 
[2026-05-26 08:00:14] Changes not staged for commit:
[2026-05-26 08:00:14]   (use "git add <file>..." to update what will be committed)
[2026-05-26 08:00:14]   (use "git restore <file>..." to discard changes in working directory)
[2026-05-26 08:00:14] 	modified:   "docs/dev_files/Python-\350\211\257\347\216\207\346\227\245\346\212\245\347\224\237\346\210\220\345\231\250-v2.xmind"
[2026-05-26 08:00:14] 
[2026-05-26 08:00:14] Untracked files:
[2026-05-26 08:00:14]   (use "git add <file>..." to include in what will be committed)
[2026-05-26 08:00:14] 	.git-auto-sync.log
[2026-05-26 08:00:14] 
[2026-05-26 08:00:14] no changes added to commit (use "git add" and/or "git commit -a")
[2026-05-26 08:00:14] Dropped refs/stash@{0} (7f93927f1f36436e3ca1b072bb186f545f228a37)
[2026-05-26 08:00:14] ======== Auto Sync Completed ========
